<?xml version="1.0" encoding="UTF-8"?>
<!-- Generated by org.testng.reporters.JUnitReportReporter -->
<testsuite skipped="0" hostname="Shweta" name="com.toolsqa.seleTesting.NewTest" tests="3" failures="0" timestamp="29 Jun 2018 06:42:01 GMT" time="0.031" errors="0">
  <testcase name="f" time="0.025" classname="com.toolsqa.seleTesting.NewTest"/>
  <testcase name="f2" time="0.003" classname="com.toolsqa.seleTesting.NewTest"/>
  <testcase name="f3" time="0.003" classname="com.toolsqa.seleTesting.NewTest"/>
</testsuite> <!-- com.toolsqa.seleTesting.NewTest -->
