<?xml version="1.0" encoding="UTF-8"?>
<!-- Generated by org.testng.reporters.JUnitReportReporter -->
<testsuite skipped="0" hostname="Shweta" name="com.examples.seleniumTesting.BasicAuthentication" tests="1" failures="0" timestamp="06 Jul 2018 04:34:42 GMT" time="4.144" errors="0">
  <testcase name="performAuthentication" time="4.144" classname="com.examples.seleniumTesting.BasicAuthentication"/>
</testsuite> <!-- com.examples.seleniumTesting.BasicAuthentication -->
