<?xml version="1.0" encoding="UTF-8"?>
<!-- Generated by org.testng.reporters.JUnitReportReporter -->
<testsuite skipped="0" hostname="Shweta" name="com.examples.seleniumTesting.FileUpload" tests="1" failures="0" timestamp="06 Jul 2018 01:43:12 GMT" time="0.853" errors="0">
  <testcase name="upLoadFile" time="0.853" classname="com.examples.seleniumTesting.FileUpload"/>
</testsuite> <!-- com.examples.seleniumTesting.FileUpload -->
