<?xml version="1.0" encoding="UTF-8"?>
<!-- Generated by org.testng.reporters.JUnitReportReporter -->
<testsuite skipped="0" hostname="Shweta" name="com.toolsqa.seleTesting.NewTest2" tests="2" failures="0" timestamp="03 Jul 2018 02:23:33 GMT" time="0.018" errors="0">
  <testcase name="f2" time="0.002" classname="com.toolsqa.seleTesting.NewTest2"/>
  <testcase name="f" time="0.016" classname="com.toolsqa.seleTesting.NewTest2"/>
</testsuite> <!-- com.toolsqa.seleTesting.NewTest2 -->
